[2025/08/31 12:19:04:918] 运行开始-----------------------------------
[2025/08/31 12:19:06:140] 初始化成功
[2025/08/31 12:19:29:253] 抓取网页数据成功
[2025/08/31 12:19:31:778] 抓取网页数据成功
[2025/08/31 12:36:18:692] 运行开始-----------------------------------
[2025/08/31 12:36:19:775] 初始化成功
[2025/08/31 12:36:43:807] 抓取网页数据成功
[2025/08/31 12:36:46:626] 抓取网页数据成功
[2025/08/31 12:39:40:572] 运行开始-----------------------------------
[2025/08/31 12:39:42:240] 初始化成功
[2025/08/31 12:40:06:650] 抓取网页数据成功
[2025/08/31 12:40:08:805] 抓取网页数据成功
[2025/08/31 12:42:32:698] 运行开始-----------------------------------
[2025/08/31 12:42:34:116] 初始化成功
[2025/08/31 12:42:58:712] 抓取网页数据成功
[2025/08/31 12:43:00:652] 抓取网页数据成功
[2025/08/31 21:40:48:924] 运行开始-----------------------------------
[2025/08/31 21:40:50:741] 初始化成功
[2025/08/31 21:41:00:706] 初始化成功
[2025/08/31 21:41:35:440] 运行开始-----------------------------------
[2025/08/31 21:41:37:003] 初始化成功
[2025/08/31 21:42:04:926] 抓取网页数据成功
[2025/08/31 21:42:09:928] 抓取网页数据成功
[2025/08/31 21:42:18:175] 抓取网页数据成功
[2025/08/31 21:43:44:689] 运行开始-----------------------------------
[2025/08/31 21:43:46:093] 初始化成功
[2025/08/31 21:44:13:794] 抓取网页数据成功
[2025/08/31 21:44:17:709] 抓取网页数据成功
[2025/08/31 21:44:46:500] 生成画像失败
[2025/08/31 21:44:46:537] 生成画像失败
[2025/08/31 21:47:02:619] 运行开始-----------------------------------
[2025/08/31 21:47:03:550] 初始化成功
[2025/08/31 21:47:28:183] 抓取网页数据成功
[2025/08/31 21:47:30:885] 抓取网页数据成功
[2025/08/31 22:09:11:805] 运行开始-----------------------------------
[2025/08/31 22:09:12:996] 初始化成功
[2025/08/31 22:09:39:741] 抓取网页数据成功
[2025/08/31 22:09:43:549] 抓取网页数据成功
[2025/08/31 22:10:01:211] 生成画像失败
[2025/08/31 22:10:01:241] 生成画像失败
[2025/08/31 22:13:05:049] 运行开始-----------------------------------
[2025/08/31 22:13:06:025] 初始化成功
[2025/08/31 22:13:31:149] 抓取网页数据成功
[2025/08/31 22:13:34:095] 抓取网页数据成功
[2025/08/31 22:14:40:009] 生成画像失败
[2025/08/31 22:14:40:031] 生成画像失败
[2025/08/31 22:15:24:508] 运行开始-----------------------------------
[2025/08/31 22:15:25:488] 初始化成功
[2025/08/31 22:15:50:325] 抓取网页数据成功
[2025/08/31 22:15:53:443] 抓取网页数据成功
[2025/08/31 22:16:28:240] 生成画像失败
[2025/08/31 22:16:28:257] 生成画像失败