[2025/09/01 11:04:44:509] 运行开始-----------------------------------
[2025/09/01 11:04:45:684] 初始化成功
[2025/09/01 11:05:10:220] 抓取网页数据成功
[2025/09/01 11:05:12:782] 抓取网页数据成功
[2025/09/01 11:11:57:372] 运行开始-----------------------------------
[2025/09/01 11:11:58:261] 初始化成功
[2025/09/01 11:12:21:753] 抓取网页数据成功
[2025/09/01 11:12:23:345] 抓取网页数据成功
[2025/09/01 11:25:25:610] 运行开始-----------------------------------
[2025/09/01 11:25:26:756] 初始化成功
[2025/09/01 11:25:50:796] 抓取网页数据成功
[2025/09/01 11:25:53:192] 抓取网页数据成功
[2025/09/01 11:28:39:014] 运行开始-----------------------------------
[2025/09/01 11:28:39:902] 初始化成功
[2025/09/01 11:29:03:529] 抓取网页数据成功
[2025/09/01 11:29:06:244] 抓取网页数据成功
[2025/09/01 11:30:40:153] 运行开始-----------------------------------
[2025/09/01 11:30:41:949] 初始化成功
[2025/09/01 11:31:06:921] 抓取网页数据成功
[2025/09/01 11:31:09:265] 抓取网页数据成功
[2025/09/01 11:39:09:764] 运行开始-----------------------------------
[2025/09/01 11:39:10:694] 初始化成功
[2025/09/01 11:39:34:707] 抓取网页数据成功
[2025/09/01 11:39:37:113] 抓取网页数据成功
[2025/09/01 11:54:07:154] 运行开始-----------------------------------
[2025/09/01 11:54:08:182] 初始化成功
[2025/09/01 11:54:21:047] 初始化成功
[2025/09/01 11:55:05:642] 运行开始-----------------------------------
[2025/09/01 11:55:06:574] 初始化成功
[2025/09/01 11:55:30:332] 抓取网页数据成功
[2025/09/01 11:55:32:656] 抓取网页数据成功
[2025/09/01 11:57:55:043] 生成画像成功
[2025/09/01 11:57:55:068] 生成画像成功
[2025/09/01 22:12:42:262] 运行开始-----------------------------------
[2025/09/01 22:12:43:314] 初始化成功
[2025/09/01 22:13:26:163] 抓取网页数据失败
,Could not find the UI element corresponding to this selector:
<webctrl tag='INPUT'/>

[2025/09/01 22:13:36:522] 抓取网页数据失败
,Could not find the UI element corresponding to this selector:
<webctrl tag='INPUT'/>

[2025/09/01 22:16:58:443] 运行开始-----------------------------------
[2025/09/01 22:16:59:252] 初始化成功
[2025/09/01 22:17:11:798] 抓取网页数据失败
,Invalid UI node.
[2025/09/01 22:17:50:048] 抓取网页数据成功
[2025/09/01 22:17:52:524] 抓取网页数据成功
[2025/09/01 22:20:18:709] 生成画像成功
[2025/09/01 22:20:18:733] 生成画像成功
[2025/09/01 22:25:36:064] 运行开始-----------------------------------
[2025/09/01 22:25:37:086] 初始化成功
[2025/09/01 22:26:13:189] 抓取网页数据成功
[2025/09/01 22:26:15:475] 抓取网页数据成功
[2025/09/01 22:28:38:851] 生成画像成功
[2025/09/01 22:28:38:875] 生成画像成功
[2025/09/01 22:33:03:047] 运行开始-----------------------------------
[2025/09/01 22:33:03:987] 初始化成功
[2025/09/01 22:33:40:702] 抓取网页数据成功
[2025/09/01 22:33:43:229] 抓取网页数据成功
[2025/09/01 22:33:43:663] 生成画像失败
[2025/09/01 22:33:43:686] 生成画像失败
[2025/09/01 22:35:33:426] 运行开始-----------------------------------
[2025/09/01 22:35:34:268] 初始化成功
[2025/09/01 22:35:37:222] 初始化成功
[2025/09/01 22:36:09:708] 运行开始-----------------------------------
[2025/09/01 22:36:10:504] 初始化成功
[2025/09/01 22:36:48:351] 抓取网页数据成功
[2025/09/01 22:36:51:013] 抓取网页数据成功
[2025/09/01 22:39:13:011] 生成画像成功
[2025/09/01 22:39:13:033] 生成画像成功